# CMAKE generated file: DO NOT EDIT!
# Generated by "Ninja" Generator, CMake Version 3.29

# This file contains all the build statements describing the
# compilation DAG.

# =============================================================================
# Write statements declared in CMakeLists.txt:
# 
# Which is the root file.
# =============================================================================

# =============================================================================
# Project: NanoSVG
# Configurations: Release
# =============================================================================

#############################################
# Minimal version of Ninja required by this file

ninja_required_version = 1.5


#############################################
# Set configuration variable for custom commands.

CONFIGURATION = Release
# =============================================================================
# Include auxiliary files.


#############################################
# Include rules file.

include CMakeFiles\rules.ninja

# =============================================================================

#############################################
# Logical path to working directory; prefix for absolute paths.

cmake_ninja_workdir = C$:\Users\Administrator\Desktop\Snake-NewSite\vcpkg_installed\vcpkg\blds\nanosvg\x64-windows-rel\
# =============================================================================
# Object build statements for STATIC_LIBRARY target nanosvg


#############################################
# Order-only phony target for nanosvg

build cmake_object_order_depends_target_nanosvg: phony || .

build CMakeFiles\nanosvg.dir\nanosvg.c.obj: C_COMPILER__nanosvg_unscanned_Release C$:\Users\Administrator\Desktop\Snake-NewSite\vcpkg_installed\vcpkg\blds\nanosvg\x64-windows-rel\nanosvg.c || cmake_object_order_depends_target_nanosvg
  DEFINES = -DNANOSVG_IMPLEMENTATION
  FLAGS = /nologo /DWIN32 /D_WINDOWS /utf-8 /MP  /MD /O2 /Oi /Gy /DNDEBUG /Z7
  OBJECT_DIR = CMakeFiles\nanosvg.dir
  OBJECT_FILE_DIR = CMakeFiles\nanosvg.dir
  TARGET_COMPILE_PDB = CMakeFiles\nanosvg.dir\nanosvg.pdb
  TARGET_PDB = nanosvg.pdb


# =============================================================================
# Link build statements for STATIC_LIBRARY target nanosvg


#############################################
# Link the static library nanosvg.lib

build nanosvg.lib: C_STATIC_LIBRARY_LINKER__nanosvg_Release CMakeFiles\nanosvg.dir\nanosvg.c.obj
  LANGUAGE_COMPILE_FLAGS = /nologo /DWIN32 /D_WINDOWS /utf-8 /MP  /MD /O2 /Oi /Gy /DNDEBUG /Z7
  LINK_FLAGS = /machine:x64 /nologo
  OBJECT_DIR = CMakeFiles\nanosvg.dir
  POST_BUILD = cd .
  PRE_LINK = cd .
  TARGET_COMPILE_PDB = CMakeFiles\nanosvg.dir\nanosvg.pdb
  TARGET_FILE = nanosvg.lib
  TARGET_PDB = nanosvg.pdb

# =============================================================================
# Object build statements for STATIC_LIBRARY target nanosvgrast


#############################################
# Order-only phony target for nanosvgrast

build cmake_object_order_depends_target_nanosvgrast: phony || cmake_object_order_depends_target_nanosvg

build CMakeFiles\nanosvgrast.dir\nanosvgrast.c.obj: C_COMPILER__nanosvgrast_unscanned_Release C$:\Users\Administrator\Desktop\Snake-NewSite\vcpkg_installed\vcpkg\blds\nanosvg\x64-windows-rel\nanosvgrast.c || cmake_object_order_depends_target_nanosvgrast
  DEFINES = -DNANOSVGRAST_IMPLEMENTATION
  FLAGS = /nologo /DWIN32 /D_WINDOWS /utf-8 /MP  /MD /O2 /Oi /Gy /DNDEBUG /Z7
  INCLUDES = -IC:\Users\Administrator\Desktop\Snake-NewSite\vcpkg_installed\vcpkg\blds\nanosvg\src\3c38610b1f-dc4edc4939.clean\src
  OBJECT_DIR = CMakeFiles\nanosvgrast.dir
  OBJECT_FILE_DIR = CMakeFiles\nanosvgrast.dir
  TARGET_COMPILE_PDB = CMakeFiles\nanosvgrast.dir\nanosvgrast.pdb
  TARGET_PDB = nanosvgrast.pdb


# =============================================================================
# Link build statements for STATIC_LIBRARY target nanosvgrast


#############################################
# Link the static library nanosvgrast.lib

build nanosvgrast.lib: C_STATIC_LIBRARY_LINKER__nanosvgrast_Release CMakeFiles\nanosvgrast.dir\nanosvgrast.c.obj || nanosvg.lib
  LANGUAGE_COMPILE_FLAGS = /nologo /DWIN32 /D_WINDOWS /utf-8 /MP  /MD /O2 /Oi /Gy /DNDEBUG /Z7
  LINK_FLAGS = /machine:x64 /nologo
  OBJECT_DIR = CMakeFiles\nanosvgrast.dir
  POST_BUILD = cd .
  PRE_LINK = cd .
  TARGET_COMPILE_PDB = CMakeFiles\nanosvgrast.dir\nanosvgrast.pdb
  TARGET_FILE = nanosvgrast.lib
  TARGET_PDB = nanosvgrast.pdb


#############################################
# Utility command for edit_cache

build CMakeFiles\edit_cache.util: CUSTOM_COMMAND
  COMMAND = C:\Windows\system32\cmd.exe /C "cd /D C:\Users\Administrator\Desktop\Snake-NewSite\vcpkg_installed\vcpkg\blds\nanosvg\x64-windows-rel && D:\VisualStudio\Common7\IDE\CommonExtensions\Microsoft\CMake\CMake\bin\cmake.exe -E echo "No interactive CMake dialog available.""
  DESC = No interactive CMake dialog available...
  restat = 1

build edit_cache: phony CMakeFiles\edit_cache.util


#############################################
# Utility command for rebuild_cache

build CMakeFiles\rebuild_cache.util: CUSTOM_COMMAND
  COMMAND = C:\Windows\system32\cmd.exe /C "cd /D C:\Users\Administrator\Desktop\Snake-NewSite\vcpkg_installed\vcpkg\blds\nanosvg\x64-windows-rel && D:\VisualStudio\Common7\IDE\CommonExtensions\Microsoft\CMake\CMake\bin\cmake.exe --regenerate-during-build -SC:\Users\Administrator\Desktop\Snake-NewSite\vcpkg_installed\vcpkg\blds\nanosvg\src\3c38610b1f-dc4edc4939.clean -BC:\Users\Administrator\Desktop\Snake-NewSite\vcpkg_installed\vcpkg\blds\nanosvg\x64-windows-rel"
  DESC = Running CMake to regenerate build system...
  pool = console
  restat = 1

build rebuild_cache: phony CMakeFiles\rebuild_cache.util


#############################################
# Utility command for list_install_components

build list_install_components: phony


#############################################
# Utility command for install

build CMakeFiles\install.util: CUSTOM_COMMAND all
  COMMAND = C:\Windows\system32\cmd.exe /C "cd /D C:\Users\Administrator\Desktop\Snake-NewSite\vcpkg_installed\vcpkg\blds\nanosvg\x64-windows-rel && D:\VisualStudio\Common7\IDE\CommonExtensions\Microsoft\CMake\CMake\bin\cmake.exe -P cmake_install.cmake"
  DESC = Install the project...
  pool = console
  restat = 1

build install: phony CMakeFiles\install.util


#############################################
# Utility command for install/local

build CMakeFiles\install\local.util: CUSTOM_COMMAND all
  COMMAND = C:\Windows\system32\cmd.exe /C "cd /D C:\Users\Administrator\Desktop\Snake-NewSite\vcpkg_installed\vcpkg\blds\nanosvg\x64-windows-rel && D:\VisualStudio\Common7\IDE\CommonExtensions\Microsoft\CMake\CMake\bin\cmake.exe -DCMAKE_INSTALL_LOCAL_ONLY=1 -P cmake_install.cmake"
  DESC = Installing only the local directory...
  pool = console
  restat = 1

build install\local: phony CMakeFiles\install\local.util

# =============================================================================
# Target aliases.

build nanosvg: phony nanosvg.lib

build nanosvgrast: phony nanosvgrast.lib

# =============================================================================
# Folder targets.

# =============================================================================

#############################################
# Folder: C:/Users/Administrator/Desktop/Snake-NewSite/vcpkg_installed/vcpkg/blds/nanosvg/x64-windows-rel

build all: phony nanosvg.lib nanosvgrast.lib

# =============================================================================
# Built-in targets


#############################################
# Re-run CMake if any of its inputs changed.

build build.ninja: RERUN_CMAKE | C$:\Users\Administrator\Desktop\Snake-NewSite\vcpkg_installed\vcpkg\blds\nanosvg\src\3c38610b1f-dc4edc4939.clean\CMakeLists.txt C$:\Users\Administrator\Desktop\Snake-NewSite\vcpkg_installed\vcpkg\blds\nanosvg\src\3c38610b1f-dc4edc4939.clean\Config.cmake.in C$:\Users\Administrator\Desktop\Snake-NewSite\vcpkg_installed\vcpkg\blds\nanosvg\src\3c38610b1f-dc4edc4939.clean\src\nanosvg.h C$:\Users\Administrator\Desktop\Snake-NewSite\vcpkg_installed\vcpkg\blds\nanosvg\src\3c38610b1f-dc4edc4939.clean\src\nanosvgrast.h CMakeCache.txt CMakeFiles\3.29.5-msvc4\CMakeCCompiler.cmake CMakeFiles\3.29.5-msvc4\CMakeRCCompiler.cmake CMakeFiles\3.29.5-msvc4\CMakeSystem.cmake D$:\VisualStudio\Common7\IDE\CommonExtensions\Microsoft\CMake\CMake\share\cmake-3.29\Modules\BasicConfigVersion-AnyNewerVersion.cmake.in D$:\VisualStudio\Common7\IDE\CommonExtensions\Microsoft\CMake\CMake\share\cmake-3.29\Modules\CMakeCCompiler.cmake.in D$:\VisualStudio\Common7\IDE\CommonExtensions\Microsoft\CMake\CMake\share\cmake-3.29\Modules\CMakeCCompilerABI.c D$:\VisualStudio\Common7\IDE\CommonExtensions\Microsoft\CMake\CMake\share\cmake-3.29\Modules\CMakeCInformation.cmake D$:\VisualStudio\Common7\IDE\CommonExtensions\Microsoft\CMake\CMake\share\cmake-3.29\Modules\CMakeCommonLanguageInclude.cmake D$:\VisualStudio\Common7\IDE\CommonExtensions\Microsoft\CMake\CMake\share\cmake-3.29\Modules\CMakeCompilerIdDetection.cmake D$:\VisualStudio\Common7\IDE\CommonExtensions\Microsoft\CMake\CMake\share\cmake-3.29\Modules\CMakeDependentOption.cmake D$:\VisualStudio\Common7\IDE\CommonExtensions\Microsoft\CMake\CMake\share\cmake-3.29\Modules\CMakeDetermineCCompiler.cmake D$:\VisualStudio\Common7\IDE\CommonExtensions\Microsoft\CMake\CMake\share\cmake-3.29\Modules\CMakeDetermineCompileFeatures.cmake D$:\VisualStudio\Common7\IDE\CommonExtensions\Microsoft\CMake\CMake\share\cmake-3.29\Modules\CMakeDetermineCompiler.cmake D$:\VisualStudio\Common7\IDE\CommonExtensions\Microsoft\CMake\CMake\share\cmake-3.29\Modules\CMakeDetermineCompilerABI.cmake D$:\VisualStudio\Common7\IDE\CommonExtensions\Microsoft\CMake\CMake\share\cmake-3.29\Modules\CMakeDetermineCompilerId.cmake D$:\VisualStudio\Common7\IDE\CommonExtensions\Microsoft\CMake\CMake\share\cmake-3.29\Modules\CMakeDetermineRCCompiler.cmake D$:\VisualStudio\Common7\IDE\CommonExtensions\Microsoft\CMake\CMake\share\cmake-3.29\Modules\CMakeDetermineSystem.cmake D$:\VisualStudio\Common7\IDE\CommonExtensions\Microsoft\CMake\CMake\share\cmake-3.29\Modules\CMakeFindBinUtils.cmake D$:\VisualStudio\Common7\IDE\CommonExtensions\Microsoft\CMake\CMake\share\cmake-3.29\Modules\CMakeGenericSystem.cmake D$:\VisualStudio\Common7\IDE\CommonExtensions\Microsoft\CMake\CMake\share\cmake-3.29\Modules\CMakeInitializeConfigs.cmake D$:\VisualStudio\Common7\IDE\CommonExtensions\Microsoft\CMake\CMake\share\cmake-3.29\Modules\CMakeLanguageInformation.cmake D$:\VisualStudio\Common7\IDE\CommonExtensions\Microsoft\CMake\CMake\share\cmake-3.29\Modules\CMakePackageConfigHelpers.cmake D$:\VisualStudio\Common7\IDE\CommonExtensions\Microsoft\CMake\CMake\share\cmake-3.29\Modules\CMakeParseImplicitIncludeInfo.cmake D$:\VisualStudio\Common7\IDE\CommonExtensions\Microsoft\CMake\CMake\share\cmake-3.29\Modules\CMakeParseImplicitLinkInfo.cmake D$:\VisualStudio\Common7\IDE\CommonExtensions\Microsoft\CMake\CMake\share\cmake-3.29\Modules\CMakeParseLibraryArchitecture.cmake D$:\VisualStudio\Common7\IDE\CommonExtensions\Microsoft\CMake\CMake\share\cmake-3.29\Modules\CMakeRCCompiler.cmake.in D$:\VisualStudio\Common7\IDE\CommonExtensions\Microsoft\CMake\CMake\share\cmake-3.29\Modules\CMakeRCInformation.cmake D$:\VisualStudio\Common7\IDE\CommonExtensions\Microsoft\CMake\CMake\share\cmake-3.29\Modules\CMakeSystem.cmake.in D$:\VisualStudio\Common7\IDE\CommonExtensions\Microsoft\CMake\CMake\share\cmake-3.29\Modules\CMakeSystemSpecificInformation.cmake D$:\VisualStudio\Common7\IDE\CommonExtensions\Microsoft\CMake\CMake\share\cmake-3.29\Modules\CMakeSystemSpecificInitialize.cmake D$:\VisualStudio\Common7\IDE\CommonExtensions\Microsoft\CMake\CMake\share\cmake-3.29\Modules\CMakeTestCCompiler.cmake D$:\VisualStudio\Common7\IDE\CommonExtensions\Microsoft\CMake\CMake\share\cmake-3.29\Modules\CMakeTestCompilerCommon.cmake D$:\VisualStudio\Common7\IDE\CommonExtensions\Microsoft\CMake\CMake\share\cmake-3.29\Modules\CMakeTestRCCompiler.cmake D$:\VisualStudio\Common7\IDE\CommonExtensions\Microsoft\CMake\CMake\share\cmake-3.29\Modules\Compiler\ADSP-DetermineCompiler.cmake D$:\VisualStudio\Common7\IDE\CommonExtensions\Microsoft\CMake\CMake\share\cmake-3.29\Modules\Compiler\ARMCC-DetermineCompiler.cmake D$:\VisualStudio\Common7\IDE\CommonExtensions\Microsoft\CMake\CMake\share\cmake-3.29\Modules\Compiler\ARMClang-DetermineCompiler.cmake D$:\VisualStudio\Common7\IDE\CommonExtensions\Microsoft\CMake\CMake\share\cmake-3.29\Modules\Compiler\AppleClang-DetermineCompiler.cmake D$:\VisualStudio\Common7\IDE\CommonExtensions\Microsoft\CMake\CMake\share\cmake-3.29\Modules\Compiler\Borland-DetermineCompiler.cmake D$:\VisualStudio\Common7\IDE\CommonExtensions\Microsoft\CMake\CMake\share\cmake-3.29\Modules\Compiler\Bruce-C-DetermineCompiler.cmake D$:\VisualStudio\Common7\IDE\CommonExtensions\Microsoft\CMake\CMake\share\cmake-3.29\Modules\Compiler\CMakeCommonCompilerMacros.cmake D$:\VisualStudio\Common7\IDE\CommonExtensions\Microsoft\CMake\CMake\share\cmake-3.29\Modules\Compiler\Clang-DetermineCompiler.cmake D$:\VisualStudio\Common7\IDE\CommonExtensions\Microsoft\CMake\CMake\share\cmake-3.29\Modules\Compiler\Clang-DetermineCompilerInternal.cmake D$:\VisualStudio\Common7\IDE\CommonExtensions\Microsoft\CMake\CMake\share\cmake-3.29\Modules\Compiler\Compaq-C-DetermineCompiler.cmake D$:\VisualStudio\Common7\IDE\CommonExtensions\Microsoft\CMake\CMake\share\cmake-3.29\Modules\Compiler\Cray-DetermineCompiler.cmake D$:\VisualStudio\Common7\IDE\CommonExtensions\Microsoft\CMake\CMake\share\cmake-3.29\Modules\Compiler\CrayClang-DetermineCompiler.cmake D$:\VisualStudio\Common7\IDE\CommonExtensions\Microsoft\CMake\CMake\share\cmake-3.29\Modules\Compiler\Embarcadero-DetermineCompiler.cmake D$:\VisualStudio\Common7\IDE\CommonExtensions\Microsoft\CMake\CMake\share\cmake-3.29\Modules\Compiler\Fujitsu-DetermineCompiler.cmake D$:\VisualStudio\Common7\IDE\CommonExtensions\Microsoft\CMake\CMake\share\cmake-3.29\Modules\Compiler\FujitsuClang-DetermineCompiler.cmake D$:\VisualStudio\Common7\IDE\CommonExtensions\Microsoft\CMake\CMake\share\cmake-3.29\Modules\Compiler\GHS-DetermineCompiler.cmake D$:\VisualStudio\Common7\IDE\CommonExtensions\Microsoft\CMake\CMake\share\cmake-3.29\Modules\Compiler\GNU-C-DetermineCompiler.cmake D$:\VisualStudio\Common7\IDE\CommonExtensions\Microsoft\CMake\CMake\share\cmake-3.29\Modules\Compiler\HP-C-DetermineCompiler.cmake D$:\VisualStudio\Common7\IDE\CommonExtensions\Microsoft\CMake\CMake\share\cmake-3.29\Modules\Compiler\IAR-DetermineCompiler.cmake D$:\VisualStudio\Common7\IDE\CommonExtensions\Microsoft\CMake\CMake\share\cmake-3.29\Modules\Compiler\IBMCPP-C-DetermineVersionInternal.cmake D$:\VisualStudio\Common7\IDE\CommonExtensions\Microsoft\CMake\CMake\share\cmake-3.29\Modules\Compiler\IBMClang-C-DetermineCompiler.cmake D$:\VisualStudio\Common7\IDE\CommonExtensions\Microsoft\CMake\CMake\share\cmake-3.29\Modules\Compiler\Intel-DetermineCompiler.cmake D$:\VisualStudio\Common7\IDE\CommonExtensions\Microsoft\CMake\CMake\share\cmake-3.29\Modules\Compiler\IntelLLVM-DetermineCompiler.cmake D$:\VisualStudio\Common7\IDE\CommonExtensions\Microsoft\CMake\CMake\share\cmake-3.29\Modules\Compiler\LCC-C-DetermineCompiler.cmake D$:\VisualStudio\Common7\IDE\CommonExtensions\Microsoft\CMake\CMake\share\cmake-3.29\Modules\Compiler\MSVC-C.cmake D$:\VisualStudio\Common7\IDE\CommonExtensions\Microsoft\CMake\CMake\share\cmake-3.29\Modules\Compiler\MSVC-DetermineCompiler.cmake D$:\VisualStudio\Common7\IDE\CommonExtensions\Microsoft\CMake\CMake\share\cmake-3.29\Modules\Compiler\MSVC.cmake D$:\VisualStudio\Common7\IDE\CommonExtensions\Microsoft\CMake\CMake\share\cmake-3.29\Modules\Compiler\NVHPC-DetermineCompiler.cmake D$:\VisualStudio\Common7\IDE\CommonExtensions\Microsoft\CMake\CMake\share\cmake-3.29\Modules\Compiler\NVIDIA-DetermineCompiler.cmake D$:\VisualStudio\Common7\IDE\CommonExtensions\Microsoft\CMake\CMake\share\cmake-3.29\Modules\Compiler\OpenWatcom-DetermineCompiler.cmake D$:\VisualStudio\Common7\IDE\CommonExtensions\Microsoft\CMake\CMake\share\cmake-3.29\Modules\Compiler\OrangeC-DetermineCompiler.cmake D$:\VisualStudio\Common7\IDE\CommonExtensions\Microsoft\CMake\CMake\share\cmake-3.29\Modules\Compiler\PGI-DetermineCompiler.cmake D$:\VisualStudio\Common7\IDE\CommonExtensions\Microsoft\CMake\CMake\share\cmake-3.29\Modules\Compiler\PathScale-DetermineCompiler.cmake D$:\VisualStudio\Common7\IDE\CommonExtensions\Microsoft\CMake\CMake\share\cmake-3.29\Modules\Compiler\SCO-DetermineCompiler.cmake D$:\VisualStudio\Common7\IDE\CommonExtensions\Microsoft\CMake\CMake\share\cmake-3.29\Modules\Compiler\SDCC-C-DetermineCompiler.cmake D$:\VisualStudio\Common7\IDE\CommonExtensions\Microsoft\CMake\CMake\share\cmake-3.29\Modules\Compiler\SunPro-C-DetermineCompiler.cmake D$:\VisualStudio\Common7\IDE\CommonExtensions\Microsoft\CMake\CMake\share\cmake-3.29\Modules\Compiler\TI-DetermineCompiler.cmake D$:\VisualStudio\Common7\IDE\CommonExtensions\Microsoft\CMake\CMake\share\cmake-3.29\Modules\Compiler\TIClang-DetermineCompiler.cmake D$:\VisualStudio\Common7\IDE\CommonExtensions\Microsoft\CMake\CMake\share\cmake-3.29\Modules\Compiler\Tasking-DetermineCompiler.cmake D$:\VisualStudio\Common7\IDE\CommonExtensions\Microsoft\CMake\CMake\share\cmake-3.29\Modules\Compiler\TinyCC-C-DetermineCompiler.cmake D$:\VisualStudio\Common7\IDE\CommonExtensions\Microsoft\CMake\CMake\share\cmake-3.29\Modules\Compiler\VisualAge-C-DetermineCompiler.cmake D$:\VisualStudio\Common7\IDE\CommonExtensions\Microsoft\CMake\CMake\share\cmake-3.29\Modules\Compiler\Watcom-DetermineCompiler.cmake D$:\VisualStudio\Common7\IDE\CommonExtensions\Microsoft\CMake\CMake\share\cmake-3.29\Modules\Compiler\XL-C-DetermineCompiler.cmake D$:\VisualStudio\Common7\IDE\CommonExtensions\Microsoft\CMake\CMake\share\cmake-3.29\Modules\Compiler\XLClang-C-DetermineCompiler.cmake D$:\VisualStudio\Common7\IDE\CommonExtensions\Microsoft\CMake\CMake\share\cmake-3.29\Modules\Compiler\zOS-C-DetermineCompiler.cmake D$:\VisualStudio\Common7\IDE\CommonExtensions\Microsoft\CMake\CMake\share\cmake-3.29\Modules\Internal\CMakeDetermineLinkerId.cmake D$:\VisualStudio\Common7\IDE\CommonExtensions\Microsoft\CMake\CMake\share\cmake-3.29\Modules\Internal\FeatureTesting.cmake D$:\VisualStudio\Common7\IDE\CommonExtensions\Microsoft\CMake\CMake\share\cmake-3.29\Modules\Platform\Windows-Initialize.cmake D$:\VisualStudio\Common7\IDE\CommonExtensions\Microsoft\CMake\CMake\share\cmake-3.29\Modules\Platform\Windows-MSVC-C.cmake D$:\VisualStudio\Common7\IDE\CommonExtensions\Microsoft\CMake\CMake\share\cmake-3.29\Modules\Platform\Windows-MSVC.cmake D$:\VisualStudio\Common7\IDE\CommonExtensions\Microsoft\CMake\CMake\share\cmake-3.29\Modules\Platform\Windows.cmake D$:\VisualStudio\Common7\IDE\CommonExtensions\Microsoft\CMake\CMake\share\cmake-3.29\Modules\Platform\WindowsPaths.cmake D$:\VisualStudio\Common7\IDE\CommonExtensions\Microsoft\CMake\CMake\share\cmake-3.29\Modules\WriteBasicConfigVersionFile.cmake D$:\VisualStudio\VC\vcpkg\scripts\buildsystems\vcpkg.cmake D$:\VisualStudio\VC\vcpkg\scripts\toolchains\windows.cmake
  pool = console


#############################################
# A missing CMake input file is not an error.

build C$:\Users\Administrator\Desktop\Snake-NewSite\vcpkg_installed\vcpkg\blds\nanosvg\src\3c38610b1f-dc4edc4939.clean\CMakeLists.txt C$:\Users\Administrator\Desktop\Snake-NewSite\vcpkg_installed\vcpkg\blds\nanosvg\src\3c38610b1f-dc4edc4939.clean\Config.cmake.in C$:\Users\Administrator\Desktop\Snake-NewSite\vcpkg_installed\vcpkg\blds\nanosvg\src\3c38610b1f-dc4edc4939.clean\src\nanosvg.h C$:\Users\Administrator\Desktop\Snake-NewSite\vcpkg_installed\vcpkg\blds\nanosvg\src\3c38610b1f-dc4edc4939.clean\src\nanosvgrast.h CMakeCache.txt CMakeFiles\3.29.5-msvc4\CMakeCCompiler.cmake CMakeFiles\3.29.5-msvc4\CMakeRCCompiler.cmake CMakeFiles\3.29.5-msvc4\CMakeSystem.cmake D$:\VisualStudio\Common7\IDE\CommonExtensions\Microsoft\CMake\CMake\share\cmake-3.29\Modules\BasicConfigVersion-AnyNewerVersion.cmake.in D$:\VisualStudio\Common7\IDE\CommonExtensions\Microsoft\CMake\CMake\share\cmake-3.29\Modules\CMakeCCompiler.cmake.in D$:\VisualStudio\Common7\IDE\CommonExtensions\Microsoft\CMake\CMake\share\cmake-3.29\Modules\CMakeCCompilerABI.c D$:\VisualStudio\Common7\IDE\CommonExtensions\Microsoft\CMake\CMake\share\cmake-3.29\Modules\CMakeCInformation.cmake D$:\VisualStudio\Common7\IDE\CommonExtensions\Microsoft\CMake\CMake\share\cmake-3.29\Modules\CMakeCommonLanguageInclude.cmake D$:\VisualStudio\Common7\IDE\CommonExtensions\Microsoft\CMake\CMake\share\cmake-3.29\Modules\CMakeCompilerIdDetection.cmake D$:\VisualStudio\Common7\IDE\CommonExtensions\Microsoft\CMake\CMake\share\cmake-3.29\Modules\CMakeDependentOption.cmake D$:\VisualStudio\Common7\IDE\CommonExtensions\Microsoft\CMake\CMake\share\cmake-3.29\Modules\CMakeDetermineCCompiler.cmake D$:\VisualStudio\Common7\IDE\CommonExtensions\Microsoft\CMake\CMake\share\cmake-3.29\Modules\CMakeDetermineCompileFeatures.cmake D$:\VisualStudio\Common7\IDE\CommonExtensions\Microsoft\CMake\CMake\share\cmake-3.29\Modules\CMakeDetermineCompiler.cmake D$:\VisualStudio\Common7\IDE\CommonExtensions\Microsoft\CMake\CMake\share\cmake-3.29\Modules\CMakeDetermineCompilerABI.cmake D$:\VisualStudio\Common7\IDE\CommonExtensions\Microsoft\CMake\CMake\share\cmake-3.29\Modules\CMakeDetermineCompilerId.cmake D$:\VisualStudio\Common7\IDE\CommonExtensions\Microsoft\CMake\CMake\share\cmake-3.29\Modules\CMakeDetermineRCCompiler.cmake D$:\VisualStudio\Common7\IDE\CommonExtensions\Microsoft\CMake\CMake\share\cmake-3.29\Modules\CMakeDetermineSystem.cmake D$:\VisualStudio\Common7\IDE\CommonExtensions\Microsoft\CMake\CMake\share\cmake-3.29\Modules\CMakeFindBinUtils.cmake D$:\VisualStudio\Common7\IDE\CommonExtensions\Microsoft\CMake\CMake\share\cmake-3.29\Modules\CMakeGenericSystem.cmake D$:\VisualStudio\Common7\IDE\CommonExtensions\Microsoft\CMake\CMake\share\cmake-3.29\Modules\CMakeInitializeConfigs.cmake D$:\VisualStudio\Common7\IDE\CommonExtensions\Microsoft\CMake\CMake\share\cmake-3.29\Modules\CMakeLanguageInformation.cmake D$:\VisualStudio\Common7\IDE\CommonExtensions\Microsoft\CMake\CMake\share\cmake-3.29\Modules\CMakePackageConfigHelpers.cmake D$:\VisualStudio\Common7\IDE\CommonExtensions\Microsoft\CMake\CMake\share\cmake-3.29\Modules\CMakeParseImplicitIncludeInfo.cmake D$:\VisualStudio\Common7\IDE\CommonExtensions\Microsoft\CMake\CMake\share\cmake-3.29\Modules\CMakeParseImplicitLinkInfo.cmake D$:\VisualStudio\Common7\IDE\CommonExtensions\Microsoft\CMake\CMake\share\cmake-3.29\Modules\CMakeParseLibraryArchitecture.cmake D$:\VisualStudio\Common7\IDE\CommonExtensions\Microsoft\CMake\CMake\share\cmake-3.29\Modules\CMakeRCCompiler.cmake.in D$:\VisualStudio\Common7\IDE\CommonExtensions\Microsoft\CMake\CMake\share\cmake-3.29\Modules\CMakeRCInformation.cmake D$:\VisualStudio\Common7\IDE\CommonExtensions\Microsoft\CMake\CMake\share\cmake-3.29\Modules\CMakeSystem.cmake.in D$:\VisualStudio\Common7\IDE\CommonExtensions\Microsoft\CMake\CMake\share\cmake-3.29\Modules\CMakeSystemSpecificInformation.cmake D$:\VisualStudio\Common7\IDE\CommonExtensions\Microsoft\CMake\CMake\share\cmake-3.29\Modules\CMakeSystemSpecificInitialize.cmake D$:\VisualStudio\Common7\IDE\CommonExtensions\Microsoft\CMake\CMake\share\cmake-3.29\Modules\CMakeTestCCompiler.cmake D$:\VisualStudio\Common7\IDE\CommonExtensions\Microsoft\CMake\CMake\share\cmake-3.29\Modules\CMakeTestCompilerCommon.cmake D$:\VisualStudio\Common7\IDE\CommonExtensions\Microsoft\CMake\CMake\share\cmake-3.29\Modules\CMakeTestRCCompiler.cmake D$:\VisualStudio\Common7\IDE\CommonExtensions\Microsoft\CMake\CMake\share\cmake-3.29\Modules\Compiler\ADSP-DetermineCompiler.cmake D$:\VisualStudio\Common7\IDE\CommonExtensions\Microsoft\CMake\CMake\share\cmake-3.29\Modules\Compiler\ARMCC-DetermineCompiler.cmake D$:\VisualStudio\Common7\IDE\CommonExtensions\Microsoft\CMake\CMake\share\cmake-3.29\Modules\Compiler\ARMClang-DetermineCompiler.cmake D$:\VisualStudio\Common7\IDE\CommonExtensions\Microsoft\CMake\CMake\share\cmake-3.29\Modules\Compiler\AppleClang-DetermineCompiler.cmake D$:\VisualStudio\Common7\IDE\CommonExtensions\Microsoft\CMake\CMake\share\cmake-3.29\Modules\Compiler\Borland-DetermineCompiler.cmake D$:\VisualStudio\Common7\IDE\CommonExtensions\Microsoft\CMake\CMake\share\cmake-3.29\Modules\Compiler\Bruce-C-DetermineCompiler.cmake D$:\VisualStudio\Common7\IDE\CommonExtensions\Microsoft\CMake\CMake\share\cmake-3.29\Modules\Compiler\CMakeCommonCompilerMacros.cmake D$:\VisualStudio\Common7\IDE\CommonExtensions\Microsoft\CMake\CMake\share\cmake-3.29\Modules\Compiler\Clang-DetermineCompiler.cmake D$:\VisualStudio\Common7\IDE\CommonExtensions\Microsoft\CMake\CMake\share\cmake-3.29\Modules\Compiler\Clang-DetermineCompilerInternal.cmake D$:\VisualStudio\Common7\IDE\CommonExtensions\Microsoft\CMake\CMake\share\cmake-3.29\Modules\Compiler\Compaq-C-DetermineCompiler.cmake D$:\VisualStudio\Common7\IDE\CommonExtensions\Microsoft\CMake\CMake\share\cmake-3.29\Modules\Compiler\Cray-DetermineCompiler.cmake D$:\VisualStudio\Common7\IDE\CommonExtensions\Microsoft\CMake\CMake\share\cmake-3.29\Modules\Compiler\CrayClang-DetermineCompiler.cmake D$:\VisualStudio\Common7\IDE\CommonExtensions\Microsoft\CMake\CMake\share\cmake-3.29\Modules\Compiler\Embarcadero-DetermineCompiler.cmake D$:\VisualStudio\Common7\IDE\CommonExtensions\Microsoft\CMake\CMake\share\cmake-3.29\Modules\Compiler\Fujitsu-DetermineCompiler.cmake D$:\VisualStudio\Common7\IDE\CommonExtensions\Microsoft\CMake\CMake\share\cmake-3.29\Modules\Compiler\FujitsuClang-DetermineCompiler.cmake D$:\VisualStudio\Common7\IDE\CommonExtensions\Microsoft\CMake\CMake\share\cmake-3.29\Modules\Compiler\GHS-DetermineCompiler.cmake D$:\VisualStudio\Common7\IDE\CommonExtensions\Microsoft\CMake\CMake\share\cmake-3.29\Modules\Compiler\GNU-C-DetermineCompiler.cmake D$:\VisualStudio\Common7\IDE\CommonExtensions\Microsoft\CMake\CMake\share\cmake-3.29\Modules\Compiler\HP-C-DetermineCompiler.cmake D$:\VisualStudio\Common7\IDE\CommonExtensions\Microsoft\CMake\CMake\share\cmake-3.29\Modules\Compiler\IAR-DetermineCompiler.cmake D$:\VisualStudio\Common7\IDE\CommonExtensions\Microsoft\CMake\CMake\share\cmake-3.29\Modules\Compiler\IBMCPP-C-DetermineVersionInternal.cmake D$:\VisualStudio\Common7\IDE\CommonExtensions\Microsoft\CMake\CMake\share\cmake-3.29\Modules\Compiler\IBMClang-C-DetermineCompiler.cmake D$:\VisualStudio\Common7\IDE\CommonExtensions\Microsoft\CMake\CMake\share\cmake-3.29\Modules\Compiler\Intel-DetermineCompiler.cmake D$:\VisualStudio\Common7\IDE\CommonExtensions\Microsoft\CMake\CMake\share\cmake-3.29\Modules\Compiler\IntelLLVM-DetermineCompiler.cmake D$:\VisualStudio\Common7\IDE\CommonExtensions\Microsoft\CMake\CMake\share\cmake-3.29\Modules\Compiler\LCC-C-DetermineCompiler.cmake D$:\VisualStudio\Common7\IDE\CommonExtensions\Microsoft\CMake\CMake\share\cmake-3.29\Modules\Compiler\MSVC-C.cmake D$:\VisualStudio\Common7\IDE\CommonExtensions\Microsoft\CMake\CMake\share\cmake-3.29\Modules\Compiler\MSVC-DetermineCompiler.cmake D$:\VisualStudio\Common7\IDE\CommonExtensions\Microsoft\CMake\CMake\share\cmake-3.29\Modules\Compiler\MSVC.cmake D$:\VisualStudio\Common7\IDE\CommonExtensions\Microsoft\CMake\CMake\share\cmake-3.29\Modules\Compiler\NVHPC-DetermineCompiler.cmake D$:\VisualStudio\Common7\IDE\CommonExtensions\Microsoft\CMake\CMake\share\cmake-3.29\Modules\Compiler\NVIDIA-DetermineCompiler.cmake D$:\VisualStudio\Common7\IDE\CommonExtensions\Microsoft\CMake\CMake\share\cmake-3.29\Modules\Compiler\OpenWatcom-DetermineCompiler.cmake D$:\VisualStudio\Common7\IDE\CommonExtensions\Microsoft\CMake\CMake\share\cmake-3.29\Modules\Compiler\OrangeC-DetermineCompiler.cmake D$:\VisualStudio\Common7\IDE\CommonExtensions\Microsoft\CMake\CMake\share\cmake-3.29\Modules\Compiler\PGI-DetermineCompiler.cmake D$:\VisualStudio\Common7\IDE\CommonExtensions\Microsoft\CMake\CMake\share\cmake-3.29\Modules\Compiler\PathScale-DetermineCompiler.cmake D$:\VisualStudio\Common7\IDE\CommonExtensions\Microsoft\CMake\CMake\share\cmake-3.29\Modules\Compiler\SCO-DetermineCompiler.cmake D$:\VisualStudio\Common7\IDE\CommonExtensions\Microsoft\CMake\CMake\share\cmake-3.29\Modules\Compiler\SDCC-C-DetermineCompiler.cmake D$:\VisualStudio\Common7\IDE\CommonExtensions\Microsoft\CMake\CMake\share\cmake-3.29\Modules\Compiler\SunPro-C-DetermineCompiler.cmake D$:\VisualStudio\Common7\IDE\CommonExtensions\Microsoft\CMake\CMake\share\cmake-3.29\Modules\Compiler\TI-DetermineCompiler.cmake D$:\VisualStudio\Common7\IDE\CommonExtensions\Microsoft\CMake\CMake\share\cmake-3.29\Modules\Compiler\TIClang-DetermineCompiler.cmake D$:\VisualStudio\Common7\IDE\CommonExtensions\Microsoft\CMake\CMake\share\cmake-3.29\Modules\Compiler\Tasking-DetermineCompiler.cmake D$:\VisualStudio\Common7\IDE\CommonExtensions\Microsoft\CMake\CMake\share\cmake-3.29\Modules\Compiler\TinyCC-C-DetermineCompiler.cmake D$:\VisualStudio\Common7\IDE\CommonExtensions\Microsoft\CMake\CMake\share\cmake-3.29\Modules\Compiler\VisualAge-C-DetermineCompiler.cmake D$:\VisualStudio\Common7\IDE\CommonExtensions\Microsoft\CMake\CMake\share\cmake-3.29\Modules\Compiler\Watcom-DetermineCompiler.cmake D$:\VisualStudio\Common7\IDE\CommonExtensions\Microsoft\CMake\CMake\share\cmake-3.29\Modules\Compiler\XL-C-DetermineCompiler.cmake D$:\VisualStudio\Common7\IDE\CommonExtensions\Microsoft\CMake\CMake\share\cmake-3.29\Modules\Compiler\XLClang-C-DetermineCompiler.cmake D$:\VisualStudio\Common7\IDE\CommonExtensions\Microsoft\CMake\CMake\share\cmake-3.29\Modules\Compiler\zOS-C-DetermineCompiler.cmake D$:\VisualStudio\Common7\IDE\CommonExtensions\Microsoft\CMake\CMake\share\cmake-3.29\Modules\Internal\CMakeDetermineLinkerId.cmake D$:\VisualStudio\Common7\IDE\CommonExtensions\Microsoft\CMake\CMake\share\cmake-3.29\Modules\Internal\FeatureTesting.cmake D$:\VisualStudio\Common7\IDE\CommonExtensions\Microsoft\CMake\CMake\share\cmake-3.29\Modules\Platform\Windows-Initialize.cmake D$:\VisualStudio\Common7\IDE\CommonExtensions\Microsoft\CMake\CMake\share\cmake-3.29\Modules\Platform\Windows-MSVC-C.cmake D$:\VisualStudio\Common7\IDE\CommonExtensions\Microsoft\CMake\CMake\share\cmake-3.29\Modules\Platform\Windows-MSVC.cmake D$:\VisualStudio\Common7\IDE\CommonExtensions\Microsoft\CMake\CMake\share\cmake-3.29\Modules\Platform\Windows.cmake D$:\VisualStudio\Common7\IDE\CommonExtensions\Microsoft\CMake\CMake\share\cmake-3.29\Modules\Platform\WindowsPaths.cmake D$:\VisualStudio\Common7\IDE\CommonExtensions\Microsoft\CMake\CMake\share\cmake-3.29\Modules\WriteBasicConfigVersionFile.cmake D$:\VisualStudio\VC\vcpkg\scripts\buildsystems\vcpkg.cmake D$:\VisualStudio\VC\vcpkg\scripts\toolchains\windows.cmake: phony


#############################################
# Clean all the built files.

build clean: CLEAN


#############################################
# Print all primary targets available.

build help: HELP


#############################################
# Make the all target the default.

default all
