
---
events:
  -
    kind: "message-v1"
    backtrace:
      - "D:/VisualStudio/Common7/IDE/CommonExtensions/Microsoft/CMake/CMake/share/cmake-3.29/Modules/CMakeDetermineSystem.cmake:205 (message)"
      - "CMakeLists.txt:3 (project)"
    message: |
      The system is: Windows - 10.0.19045 - AMD64
  -
    kind: "message-v1"
    backtrace:
      - "D:/VisualStudio/Common7/IDE/CommonExtensions/Microsoft/CMake/CMake/share/cmake-3.29/Modules/CMakeDetermineCompilerId.cmake:17 (message)"
      - "D:/VisualStudio/Common7/IDE/CommonExtensions/Microsoft/CMake/CMake/share/cmake-3.29/Modules/CMakeDetermineCompilerId.cmake:64 (__determine_compiler_id_test)"
      - "D:/VisualStudio/Common7/IDE/CommonExtensions/Microsoft/CMake/CMake/share/cmake-3.29/Modules/CMakeDetermineCCompiler.cmake:123 (CMAKE_DETERMINE_COMPILER_ID)"
      - "CMakeLists.txt:3 (project)"
    message: |
      Compiling the C compiler identification source file "CMakeCCompilerId.c" succeeded.
      Compiler: D:/VisualStudio/VC/Tools/MSVC/14.42.34433/bin/Hostx64/x64/cl.exe 
      Build flags: /nologo;/DWIN32;/D_WINDOWS;/utf-8;/MP
      Id flags:  
      
      The output was:
      0
      CMakeCCompilerId.c
      
      
      Compilation of the C compiler identification source "CMakeCCompilerId.c" produced "CMakeCCompilerId.exe"
      
      Compilation of the C compiler identification source "CMakeCCompilerId.c" produced "CMakeCCompilerId.obj"
      
      The C compiler identification is MSVC, found in:
        C:/Users/Administrator/Desktop/Snake-NewSite/vcpkg_installed/vcpkg/blds/glfw3/x64-windows-dbg/CMakeFiles/3.29.5-msvc4/CompilerIdC/CMakeCCompilerId.exe
      
  -
    kind: "message-v1"
    backtrace:
      - "D:/VisualStudio/Common7/IDE/CommonExtensions/Microsoft/CMake/CMake/share/cmake-3.29/Modules/CMakeDetermineCompilerId.cmake:1216 (message)"
      - "D:/VisualStudio/Common7/IDE/CommonExtensions/Microsoft/CMake/CMake/share/cmake-3.29/Modules/CMakeDetermineCompilerId.cmake:250 (CMAKE_DETERMINE_MSVC_SHOWINCLUDES_PREFIX)"
      - "D:/VisualStudio/Common7/IDE/CommonExtensions/Microsoft/CMake/CMake/share/cmake-3.29/Modules/CMakeDetermineCCompiler.cmake:123 (CMAKE_DETERMINE_COMPILER_ID)"
      - "CMakeLists.txt:3 (project)"
    message: |
      Detecting C compiler /showIncludes prefix:
        main.c
        Примечание: включение файла:  C:\\Users\\Administrator\\Desktop\\Snake-NewSite\\vcpkg_installed\\vcpkg\\blds\\glfw3\\x64-windows-dbg\\CMakeFiles\\ShowIncludes\\foo.h
        
      Found prefix "Примечание: включение файла:  "
  -
    kind: "try_compile-v1"
    backtrace:
      - "D:/VisualStudio/Common7/IDE/CommonExtensions/Microsoft/CMake/CMake/share/cmake-3.29/Modules/CMakeDetermineCompilerABI.cmake:67 (try_compile)"
      - "D:/VisualStudio/Common7/IDE/CommonExtensions/Microsoft/CMake/CMake/share/cmake-3.29/Modules/CMakeTestCCompiler.cmake:26 (CMAKE_DETERMINE_COMPILER_ABI)"
      - "CMakeLists.txt:3 (project)"
    checks:
      - "Detecting C compiler ABI info"
    directories:
      source: "C:/Users/Administrator/Desktop/Snake-NewSite/vcpkg_installed/vcpkg/blds/glfw3/x64-windows-dbg/CMakeFiles/CMakeScratch/TryCompile-vlzw4x"
      binary: "C:/Users/Administrator/Desktop/Snake-NewSite/vcpkg_installed/vcpkg/blds/glfw3/x64-windows-dbg/CMakeFiles/CMakeScratch/TryCompile-vlzw4x"
    cmakeVariables:
      CMAKE_C_FLAGS: " /nologo /DWIN32 /D_WINDOWS /utf-8 /MP "
      CMAKE_C_FLAGS_DEBUG: "/D_DEBUG /MDd /Z7 /Ob0 /Od /RTC1 "
      CMAKE_EXE_LINKER_FLAGS: "/machine:x64"
      CMAKE_MSVC_DEBUG_INFORMATION_FORMAT: ""
      CMAKE_MSVC_RUNTIME_LIBRARY: "MultiThreaded$<$<CONFIG:Debug>:Debug>$<$<STREQUAL:dynamic,dynamic>:DLL>"
      VCPKG_CHAINLOAD_TOOLCHAIN_FILE: "D:/VisualStudio/VC/vcpkg/scripts/toolchains/windows.cmake"
      VCPKG_CRT_LINKAGE: "dynamic"
      VCPKG_CXX_FLAGS: ""
      VCPKG_CXX_FLAGS_DEBUG: ""
      VCPKG_CXX_FLAGS_RELEASE: ""
      VCPKG_C_FLAGS: ""
      VCPKG_C_FLAGS_DEBUG: ""
      VCPKG_C_FLAGS_RELEASE: ""
      VCPKG_INSTALLED_DIR: "C:/Users/Administrator/Desktop/Snake-NewSite/vcpkg_installed"
      VCPKG_LINKER_FLAGS: ""
      VCPKG_LINKER_FLAGS_DEBUG: ""
      VCPKG_LINKER_FLAGS_RELEASE: ""
      VCPKG_PLATFORM_TOOLSET: "v143"
      VCPKG_PREFER_SYSTEM_LIBS: "OFF"
      VCPKG_SET_CHARSET_FLAG: "ON"
      VCPKG_TARGET_ARCHITECTURE: "x64"
      VCPKG_TARGET_TRIPLET: "x64-windows"
      Z_VCPKG_ROOT_DIR: "D:/VisualStudio/VC/vcpkg"
    buildResult:
      variable: "CMAKE_C_ABI_COMPILED"
      cached: true
      stdout: |
        Change Dir: 'C:/Users/Administrator/Desktop/Snake-NewSite/vcpkg_installed/vcpkg/blds/glfw3/x64-windows-dbg/CMakeFiles/CMakeScratch/TryCompile-vlzw4x'
        
        Run Build Command(s): D:/VisualStudio/Common7/IDE/CommonExtensions/Microsoft/CMake/Ninja/ninja.exe -v cmTC_c5ac5
        [1/2] D:\\VisualStudio\\VC\\Tools\\MSVC\\14.42.34433\\bin\\Hostx64\\x64\\cl.exe  /nologo   /nologo /DWIN32 /D_WINDOWS /utf-8 /MP   /D_DEBUG /MDd /Z7 /Ob0 /Od /RTC1  -MDd /showIncludes /FoCMakeFiles\\cmTC_c5ac5.dir\\CMakeCCompilerABI.c.obj /FdCMakeFiles\\cmTC_c5ac5.dir\\ /FS -c D:\\VisualStudio\\Common7\\IDE\\CommonExtensions\\Microsoft\\CMake\\CMake\\share\\cmake-3.29\\Modules\\CMakeCCompilerABI.c
        [2/2] C:\\Windows\\system32\\cmd.exe /C "cd . && D:\\VisualStudio\\Common7\\IDE\\CommonExtensions\\Microsoft\\CMake\\CMake\\bin\\cmake.exe -E vs_link_exe --intdir=CMakeFiles\\cmTC_c5ac5.dir --rc=C:\\PROGRA~2\\WI3CF2~1\\10\\bin\\100226~1.0\\x64\\rc.exe --mt=C:\\PROGRA~2\\WI3CF2~1\\10\\bin\\100226~1.0\\x64\\mt.exe --manifests  -- D:\\VisualStudio\\VC\\Tools\\MSVC\\14.42.34433\\bin\\Hostx64\\x64\\link.exe /nologo CMakeFiles\\cmTC_c5ac5.dir\\CMakeCCompilerABI.c.obj  /out:cmTC_c5ac5.exe /implib:cmTC_c5ac5.lib /pdb:cmTC_c5ac5.pdb /version:0.0 /machine:x64  /nologo    /debug /INCREMENTAL /subsystem:console  kernel32.lib user32.lib gdi32.lib winspool.lib shell32.lib ole32.lib oleaut32.lib uuid.lib comdlg32.lib advapi32.lib && cd ."
        
      exitCode: 0
  -
    kind: "message-v1"
    backtrace:
      - "D:/VisualStudio/Common7/IDE/CommonExtensions/Microsoft/CMake/CMake/share/cmake-3.29/Modules/CMakeDetermineCompilerABI.cmake:173 (message)"
      - "D:/VisualStudio/Common7/IDE/CommonExtensions/Microsoft/CMake/CMake/share/cmake-3.29/Modules/CMakeTestCCompiler.cmake:26 (CMAKE_DETERMINE_COMPILER_ABI)"
      - "CMakeLists.txt:3 (project)"
    message: |
      Parsed C implicit link information:
        link line regex: [^( *|.*[/\\])(ld[0-9]*(\\.[a-z]+)?|link\\.exe|lld-link(\\.exe)?|CMAKE_LINK_STARTFILE-NOTFOUND|([^/\\]+-)?ld|collect2)[^/\\]*( |$)]
        linker tool regex: [^[ 	]*(->|")?[ 	]*(([^"]*[/\\])?(ld[0-9]*(\\.[a-z]+)?|link\\.exe|lld-link(\\.exe)?))("|,| |$)]
        linker tool for 'C': D:/VisualStudio/VC/Tools/MSVC/14.42.34433/bin/Hostx64/x64/link.exe
        implicit libs: []
        implicit objs: []
        implicit dirs: []
        implicit fwks: []
      
      
  -
    kind: "message-v1"
    backtrace:
      - "D:/VisualStudio/Common7/IDE/CommonExtensions/Microsoft/CMake/CMake/share/cmake-3.29/Modules/Internal/CMakeDetermineLinkerId.cmake:40 (message)"
      - "D:/VisualStudio/Common7/IDE/CommonExtensions/Microsoft/CMake/CMake/share/cmake-3.29/Modules/CMakeDetermineCompilerABI.cmake:210 (cmake_determine_linker_id)"
      - "D:/VisualStudio/Common7/IDE/CommonExtensions/Microsoft/CMake/CMake/share/cmake-3.29/Modules/CMakeTestCCompiler.cmake:26 (CMAKE_DETERMINE_COMPILER_ABI)"
      - "CMakeLists.txt:3 (project)"
    message: |
      Running the C compiler's linker: "D:/VisualStudio/VC/Tools/MSVC/14.42.34433/bin/Hostx64/x64/link.exe" "-v"
      Microsoft (R) Incremental Linker Version 14.42.34436.0
      Copyright (C) Microsoft Corporation.  All rights reserved.
  -
    kind: "try_compile-v1"
    backtrace:
      - "D:/VisualStudio/Common7/IDE/CommonExtensions/Microsoft/CMake/CMake/share/cmake-3.29/Modules/Internal/CheckSourceCompiles.cmake:101 (try_compile)"
      - "D:/VisualStudio/Common7/IDE/CommonExtensions/Microsoft/CMake/CMake/share/cmake-3.29/Modules/CheckCSourceCompiles.cmake:52 (cmake_check_source_compiles)"
      - "D:/VisualStudio/Common7/IDE/CommonExtensions/Microsoft/CMake/CMake/share/cmake-3.29/Modules/FindThreads.cmake:97 (CHECK_C_SOURCE_COMPILES)"
      - "D:/VisualStudio/Common7/IDE/CommonExtensions/Microsoft/CMake/CMake/share/cmake-3.29/Modules/FindThreads.cmake:163 (_threads_check_libc)"
      - "D:/VisualStudio/VC/vcpkg/scripts/buildsystems/vcpkg.cmake:859 (_find_package)"
      - "CMakeLists.txt:60 (find_package)"
    checks:
      - "Performing Test CMAKE_HAVE_LIBC_PTHREAD"
    directories:
      source: "C:/Users/Administrator/Desktop/Snake-NewSite/vcpkg_installed/vcpkg/blds/glfw3/x64-windows-dbg/CMakeFiles/CMakeScratch/TryCompile-ab2z53"
      binary: "C:/Users/Administrator/Desktop/Snake-NewSite/vcpkg_installed/vcpkg/blds/glfw3/x64-windows-dbg/CMakeFiles/CMakeScratch/TryCompile-ab2z53"
    cmakeVariables:
      CMAKE_C_FLAGS: " /nologo /DWIN32 /D_WINDOWS /utf-8 /MP "
      CMAKE_C_FLAGS_DEBUG: "/D_DEBUG /MDd /Z7 /Ob0 /Od /RTC1 "
      CMAKE_EXE_LINKER_FLAGS: "/machine:x64"
      CMAKE_MODULE_PATH: "C:/Users/Administrator/Desktop/Snake-NewSite/vcpkg_installed/vcpkg/blds/glfw3/src/3.4-2448ff4533.clean/CMake/modules"
      CMAKE_MSVC_DEBUG_INFORMATION_FORMAT: ""
      CMAKE_MSVC_RUNTIME_LIBRARY: "MultiThreaded$<$<CONFIG:Debug>:Debug>$<$<STREQUAL:dynamic,dynamic>:DLL>"
      VCPKG_CHAINLOAD_TOOLCHAIN_FILE: "D:/VisualStudio/VC/vcpkg/scripts/toolchains/windows.cmake"
      VCPKG_CRT_LINKAGE: "dynamic"
      VCPKG_CXX_FLAGS: ""
      VCPKG_CXX_FLAGS_DEBUG: ""
      VCPKG_CXX_FLAGS_RELEASE: ""
      VCPKG_C_FLAGS: ""
      VCPKG_C_FLAGS_DEBUG: ""
      VCPKG_C_FLAGS_RELEASE: ""
      VCPKG_INSTALLED_DIR: "C:/Users/Administrator/Desktop/Snake-NewSite/vcpkg_installed"
      VCPKG_LINKER_FLAGS: ""
      VCPKG_LINKER_FLAGS_DEBUG: ""
      VCPKG_LINKER_FLAGS_RELEASE: ""
      VCPKG_PLATFORM_TOOLSET: "v143"
      VCPKG_PREFER_SYSTEM_LIBS: "OFF"
      VCPKG_SET_CHARSET_FLAG: "ON"
      VCPKG_TARGET_ARCHITECTURE: "x64"
      VCPKG_TARGET_TRIPLET: "x64-windows"
      Z_VCPKG_ROOT_DIR: "D:/VisualStudio/VC/vcpkg"
    buildResult:
      variable: "CMAKE_HAVE_LIBC_PTHREAD"
      cached: true
      stdout: |
        Change Dir: 'C:/Users/Administrator/Desktop/Snake-NewSite/vcpkg_installed/vcpkg/blds/glfw3/x64-windows-dbg/CMakeFiles/CMakeScratch/TryCompile-ab2z53'
        
        Run Build Command(s): D:/VisualStudio/Common7/IDE/CommonExtensions/Microsoft/CMake/Ninja/ninja.exe -v cmTC_46bda
        [1/2] D:\\VisualStudio\\VC\\Tools\\MSVC\\14.42.34433\\bin\\Hostx64\\x64\\cl.exe  /nologo -DCMAKE_HAVE_LIBC_PTHREAD  /nologo /DWIN32 /D_WINDOWS /utf-8 /MP   /D_DEBUG /MDd /Z7 /Ob0 /Od /RTC1  -MDd /showIncludes /FoCMakeFiles\\cmTC_46bda.dir\\src.c.obj /FdCMakeFiles\\cmTC_46bda.dir\\ /FS -c C:\\Users\\Administrator\\Desktop\\Snake-NewSite\\vcpkg_installed\\vcpkg\\blds\\glfw3\\x64-windows-dbg\\CMakeFiles\\CMakeScratch\\TryCompile-ab2z53\\src.c
        FAILED: CMakeFiles/cmTC_46bda.dir/src.c.obj 
        D:\\VisualStudio\\VC\\Tools\\MSVC\\14.42.34433\\bin\\Hostx64\\x64\\cl.exe  /nologo -DCMAKE_HAVE_LIBC_PTHREAD  /nologo /DWIN32 /D_WINDOWS /utf-8 /MP   /D_DEBUG /MDd /Z7 /Ob0 /Od /RTC1  -MDd /showIncludes /FoCMakeFiles\\cmTC_46bda.dir\\src.c.obj /FdCMakeFiles\\cmTC_46bda.dir\\ /FS -c C:\\Users\\Administrator\\Desktop\\Snake-NewSite\\vcpkg_installed\\vcpkg\\blds\\glfw3\\x64-windows-dbg\\CMakeFiles\\CMakeScratch\\TryCompile-ab2z53\\src.c
        C:\\Users\\Administrator\\Desktop\\Snake-NewSite\\vcpkg_installed\\vcpkg\\blds\\glfw3\\x64-windows-dbg\\CMakeFiles\\CMakeScratch\\TryCompile-ab2z53\\src.c(1): fatal error C1083: Не удается открыть файл включение: pthread.h: No such file or directory,
        ninja: build stopped: subcommand failed.
        
      exitCode: 1
  -
    kind: "try_compile-v1"
    backtrace:
      - "D:/VisualStudio/Common7/IDE/CommonExtensions/Microsoft/CMake/CMake/share/cmake-3.29/Modules/CheckLibraryExists.cmake:69 (try_compile)"
      - "D:/VisualStudio/Common7/IDE/CommonExtensions/Microsoft/CMake/CMake/share/cmake-3.29/Modules/FindThreads.cmake:112 (CHECK_LIBRARY_EXISTS)"
      - "D:/VisualStudio/Common7/IDE/CommonExtensions/Microsoft/CMake/CMake/share/cmake-3.29/Modules/FindThreads.cmake:175 (_threads_check_lib)"
      - "D:/VisualStudio/VC/vcpkg/scripts/buildsystems/vcpkg.cmake:859 (_find_package)"
      - "CMakeLists.txt:60 (find_package)"
    checks:
      - "Looking for pthread_create in pthreads"
    directories:
      source: "C:/Users/Administrator/Desktop/Snake-NewSite/vcpkg_installed/vcpkg/blds/glfw3/x64-windows-dbg/CMakeFiles/CMakeScratch/TryCompile-z1rgqs"
      binary: "C:/Users/Administrator/Desktop/Snake-NewSite/vcpkg_installed/vcpkg/blds/glfw3/x64-windows-dbg/CMakeFiles/CMakeScratch/TryCompile-z1rgqs"
    cmakeVariables:
      CMAKE_C_FLAGS: " /nologo /DWIN32 /D_WINDOWS /utf-8 /MP "
      CMAKE_C_FLAGS_DEBUG: "/D_DEBUG /MDd /Z7 /Ob0 /Od /RTC1 "
      CMAKE_EXE_LINKER_FLAGS: "/machine:x64"
      CMAKE_MODULE_PATH: "C:/Users/Administrator/Desktop/Snake-NewSite/vcpkg_installed/vcpkg/blds/glfw3/src/3.4-2448ff4533.clean/CMake/modules"
      CMAKE_MSVC_DEBUG_INFORMATION_FORMAT: ""
      CMAKE_MSVC_RUNTIME_LIBRARY: "MultiThreaded$<$<CONFIG:Debug>:Debug>$<$<STREQUAL:dynamic,dynamic>:DLL>"
      VCPKG_CHAINLOAD_TOOLCHAIN_FILE: "D:/VisualStudio/VC/vcpkg/scripts/toolchains/windows.cmake"
      VCPKG_CRT_LINKAGE: "dynamic"
      VCPKG_CXX_FLAGS: ""
      VCPKG_CXX_FLAGS_DEBUG: ""
      VCPKG_CXX_FLAGS_RELEASE: ""
      VCPKG_C_FLAGS: ""
      VCPKG_C_FLAGS_DEBUG: ""
      VCPKG_C_FLAGS_RELEASE: ""
      VCPKG_INSTALLED_DIR: "C:/Users/Administrator/Desktop/Snake-NewSite/vcpkg_installed"
      VCPKG_LINKER_FLAGS: ""
      VCPKG_LINKER_FLAGS_DEBUG: ""
      VCPKG_LINKER_FLAGS_RELEASE: ""
      VCPKG_PLATFORM_TOOLSET: "v143"
      VCPKG_PREFER_SYSTEM_LIBS: "OFF"
      VCPKG_SET_CHARSET_FLAG: "ON"
      VCPKG_TARGET_ARCHITECTURE: "x64"
      VCPKG_TARGET_TRIPLET: "x64-windows"
      Z_VCPKG_ROOT_DIR: "D:/VisualStudio/VC/vcpkg"
    buildResult:
      variable: "CMAKE_HAVE_PTHREADS_CREATE"
      cached: true
      stdout: |
        Change Dir: 'C:/Users/Administrator/Desktop/Snake-NewSite/vcpkg_installed/vcpkg/blds/glfw3/x64-windows-dbg/CMakeFiles/CMakeScratch/TryCompile-z1rgqs'
        
        Run Build Command(s): D:/VisualStudio/Common7/IDE/CommonExtensions/Microsoft/CMake/Ninja/ninja.exe -v cmTC_28de0
        [1/2] D:\\VisualStudio\\VC\\Tools\\MSVC\\14.42.34433\\bin\\Hostx64\\x64\\cl.exe  /nologo   /nologo /DWIN32 /D_WINDOWS /utf-8 /MP  -DCHECK_FUNCTION_EXISTS=pthread_create /D_DEBUG /MDd /Z7 /Ob0 /Od /RTC1  -MDd /showIncludes /FoCMakeFiles\\cmTC_28de0.dir\\CheckFunctionExists.c.obj /FdCMakeFiles\\cmTC_28de0.dir\\ /FS -c C:\\Users\\Administrator\\Desktop\\Snake-NewSite\\vcpkg_installed\\vcpkg\\blds\\glfw3\\x64-windows-dbg\\CMakeFiles\\CMakeScratch\\TryCompile-z1rgqs\\CheckFunctionExists.c
        [2/2] C:\\Windows\\system32\\cmd.exe /C "cd . && D:\\VisualStudio\\Common7\\IDE\\CommonExtensions\\Microsoft\\CMake\\CMake\\bin\\cmake.exe -E vs_link_exe --intdir=CMakeFiles\\cmTC_28de0.dir --rc=C:\\PROGRA~2\\WI3CF2~1\\10\\bin\\100226~1.0\\x64\\rc.exe --mt=C:\\PROGRA~2\\WI3CF2~1\\10\\bin\\100226~1.0\\x64\\mt.exe --manifests  -- D:\\VisualStudio\\VC\\Tools\\MSVC\\14.42.34433\\bin\\Hostx64\\x64\\link.exe /nologo CMakeFiles\\cmTC_28de0.dir\\CheckFunctionExists.c.obj  /out:cmTC_28de0.exe /implib:cmTC_28de0.lib /pdb:cmTC_28de0.pdb /version:0.0 /machine:x64  /nologo    /debug /INCREMENTAL /subsystem:console  pthreads.lib  kernel32.lib user32.lib gdi32.lib winspool.lib shell32.lib ole32.lib oleaut32.lib uuid.lib comdlg32.lib advapi32.lib && cd ."
        FAILED: cmTC_28de0.exe 
        C:\\Windows\\system32\\cmd.exe /C "cd . && D:\\VisualStudio\\Common7\\IDE\\CommonExtensions\\Microsoft\\CMake\\CMake\\bin\\cmake.exe -E vs_link_exe --intdir=CMakeFiles\\cmTC_28de0.dir --rc=C:\\PROGRA~2\\WI3CF2~1\\10\\bin\\100226~1.0\\x64\\rc.exe --mt=C:\\PROGRA~2\\WI3CF2~1\\10\\bin\\100226~1.0\\x64\\mt.exe --manifests  -- D:\\VisualStudio\\VC\\Tools\\MSVC\\14.42.34433\\bin\\Hostx64\\x64\\link.exe /nologo CMakeFiles\\cmTC_28de0.dir\\CheckFunctionExists.c.obj  /out:cmTC_28de0.exe /implib:cmTC_28de0.lib /pdb:cmTC_28de0.pdb /version:0.0 /machine:x64  /nologo    /debug /INCREMENTAL /subsystem:console  pthreads.lib  kernel32.lib user32.lib gdi32.lib winspool.lib shell32.lib ole32.lib oleaut32.lib uuid.lib comdlg32.lib advapi32.lib && cd ."
        LINK Pass 1: command "D:\\VisualStudio\\VC\\Tools\\MSVC\\14.42.34433\\bin\\Hostx64\\x64\\link.exe /nologo CMakeFiles\\cmTC_28de0.dir\\CheckFunctionExists.c.obj /out:cmTC_28de0.exe /implib:cmTC_28de0.lib /pdb:cmTC_28de0.pdb /version:0.0 /machine:x64 /nologo /debug /INCREMENTAL /subsystem:console pthreads.lib kernel32.lib user32.lib gdi32.lib winspool.lib shell32.lib ole32.lib oleaut32.lib uuid.lib comdlg32.lib advapi32.lib /MANIFEST /MANIFESTFILE:CMakeFiles\\cmTC_28de0.dir/intermediate.manifest CMakeFiles\\cmTC_28de0.dir/manifest.res" failed (exit code 1104) with the following output:
        LINK : fatal error LNK1104: не удается открыть файл "pthreads.lib"\x0d
        ninja: build stopped: subcommand failed.
        
      exitCode: 1
  -
    kind: "try_compile-v1"
    backtrace:
      - "D:/VisualStudio/Common7/IDE/CommonExtensions/Microsoft/CMake/CMake/share/cmake-3.29/Modules/CheckLibraryExists.cmake:69 (try_compile)"
      - "D:/VisualStudio/Common7/IDE/CommonExtensions/Microsoft/CMake/CMake/share/cmake-3.29/Modules/FindThreads.cmake:112 (CHECK_LIBRARY_EXISTS)"
      - "D:/VisualStudio/Common7/IDE/CommonExtensions/Microsoft/CMake/CMake/share/cmake-3.29/Modules/FindThreads.cmake:176 (_threads_check_lib)"
      - "D:/VisualStudio/VC/vcpkg/scripts/buildsystems/vcpkg.cmake:859 (_find_package)"
      - "CMakeLists.txt:60 (find_package)"
    checks:
      - "Looking for pthread_create in pthread"
    directories:
      source: "C:/Users/Administrator/Desktop/Snake-NewSite/vcpkg_installed/vcpkg/blds/glfw3/x64-windows-dbg/CMakeFiles/CMakeScratch/TryCompile-lk4p1x"
      binary: "C:/Users/Administrator/Desktop/Snake-NewSite/vcpkg_installed/vcpkg/blds/glfw3/x64-windows-dbg/CMakeFiles/CMakeScratch/TryCompile-lk4p1x"
    cmakeVariables:
      CMAKE_C_FLAGS: " /nologo /DWIN32 /D_WINDOWS /utf-8 /MP "
      CMAKE_C_FLAGS_DEBUG: "/D_DEBUG /MDd /Z7 /Ob0 /Od /RTC1 "
      CMAKE_EXE_LINKER_FLAGS: "/machine:x64"
      CMAKE_MODULE_PATH: "C:/Users/Administrator/Desktop/Snake-NewSite/vcpkg_installed/vcpkg/blds/glfw3/src/3.4-2448ff4533.clean/CMake/modules"
      CMAKE_MSVC_DEBUG_INFORMATION_FORMAT: ""
      CMAKE_MSVC_RUNTIME_LIBRARY: "MultiThreaded$<$<CONFIG:Debug>:Debug>$<$<STREQUAL:dynamic,dynamic>:DLL>"
      VCPKG_CHAINLOAD_TOOLCHAIN_FILE: "D:/VisualStudio/VC/vcpkg/scripts/toolchains/windows.cmake"
      VCPKG_CRT_LINKAGE: "dynamic"
      VCPKG_CXX_FLAGS: ""
      VCPKG_CXX_FLAGS_DEBUG: ""
      VCPKG_CXX_FLAGS_RELEASE: ""
      VCPKG_C_FLAGS: ""
      VCPKG_C_FLAGS_DEBUG: ""
      VCPKG_C_FLAGS_RELEASE: ""
      VCPKG_INSTALLED_DIR: "C:/Users/Administrator/Desktop/Snake-NewSite/vcpkg_installed"
      VCPKG_LINKER_FLAGS: ""
      VCPKG_LINKER_FLAGS_DEBUG: ""
      VCPKG_LINKER_FLAGS_RELEASE: ""
      VCPKG_PLATFORM_TOOLSET: "v143"
      VCPKG_PREFER_SYSTEM_LIBS: "OFF"
      VCPKG_SET_CHARSET_FLAG: "ON"
      VCPKG_TARGET_ARCHITECTURE: "x64"
      VCPKG_TARGET_TRIPLET: "x64-windows"
      Z_VCPKG_ROOT_DIR: "D:/VisualStudio/VC/vcpkg"
    buildResult:
      variable: "CMAKE_HAVE_PTHREAD_CREATE"
      cached: true
      stdout: |
        Change Dir: 'C:/Users/Administrator/Desktop/Snake-NewSite/vcpkg_installed/vcpkg/blds/glfw3/x64-windows-dbg/CMakeFiles/CMakeScratch/TryCompile-lk4p1x'
        
        Run Build Command(s): D:/VisualStudio/Common7/IDE/CommonExtensions/Microsoft/CMake/Ninja/ninja.exe -v cmTC_59deb
        [1/2] D:\\VisualStudio\\VC\\Tools\\MSVC\\14.42.34433\\bin\\Hostx64\\x64\\cl.exe  /nologo   /nologo /DWIN32 /D_WINDOWS /utf-8 /MP  -DCHECK_FUNCTION_EXISTS=pthread_create /D_DEBUG /MDd /Z7 /Ob0 /Od /RTC1  -MDd /showIncludes /FoCMakeFiles\\cmTC_59deb.dir\\CheckFunctionExists.c.obj /FdCMakeFiles\\cmTC_59deb.dir\\ /FS -c C:\\Users\\Administrator\\Desktop\\Snake-NewSite\\vcpkg_installed\\vcpkg\\blds\\glfw3\\x64-windows-dbg\\CMakeFiles\\CMakeScratch\\TryCompile-lk4p1x\\CheckFunctionExists.c
        [2/2] C:\\Windows\\system32\\cmd.exe /C "cd . && D:\\VisualStudio\\Common7\\IDE\\CommonExtensions\\Microsoft\\CMake\\CMake\\bin\\cmake.exe -E vs_link_exe --intdir=CMakeFiles\\cmTC_59deb.dir --rc=C:\\PROGRA~2\\WI3CF2~1\\10\\bin\\100226~1.0\\x64\\rc.exe --mt=C:\\PROGRA~2\\WI3CF2~1\\10\\bin\\100226~1.0\\x64\\mt.exe --manifests  -- D:\\VisualStudio\\VC\\Tools\\MSVC\\14.42.34433\\bin\\Hostx64\\x64\\link.exe /nologo CMakeFiles\\cmTC_59deb.dir\\CheckFunctionExists.c.obj  /out:cmTC_59deb.exe /implib:cmTC_59deb.lib /pdb:cmTC_59deb.pdb /version:0.0 /machine:x64  /nologo    /debug /INCREMENTAL /subsystem:console  pthread.lib  kernel32.lib user32.lib gdi32.lib winspool.lib shell32.lib ole32.lib oleaut32.lib uuid.lib comdlg32.lib advapi32.lib && cd ."
        FAILED: cmTC_59deb.exe 
        C:\\Windows\\system32\\cmd.exe /C "cd . && D:\\VisualStudio\\Common7\\IDE\\CommonExtensions\\Microsoft\\CMake\\CMake\\bin\\cmake.exe -E vs_link_exe --intdir=CMakeFiles\\cmTC_59deb.dir --rc=C:\\PROGRA~2\\WI3CF2~1\\10\\bin\\100226~1.0\\x64\\rc.exe --mt=C:\\PROGRA~2\\WI3CF2~1\\10\\bin\\100226~1.0\\x64\\mt.exe --manifests  -- D:\\VisualStudio\\VC\\Tools\\MSVC\\14.42.34433\\bin\\Hostx64\\x64\\link.exe /nologo CMakeFiles\\cmTC_59deb.dir\\CheckFunctionExists.c.obj  /out:cmTC_59deb.exe /implib:cmTC_59deb.lib /pdb:cmTC_59deb.pdb /version:0.0 /machine:x64  /nologo    /debug /INCREMENTAL /subsystem:console  pthread.lib  kernel32.lib user32.lib gdi32.lib winspool.lib shell32.lib ole32.lib oleaut32.lib uuid.lib comdlg32.lib advapi32.lib && cd ."
        LINK Pass 1: command "D:\\VisualStudio\\VC\\Tools\\MSVC\\14.42.34433\\bin\\Hostx64\\x64\\link.exe /nologo CMakeFiles\\cmTC_59deb.dir\\CheckFunctionExists.c.obj /out:cmTC_59deb.exe /implib:cmTC_59deb.lib /pdb:cmTC_59deb.pdb /version:0.0 /machine:x64 /nologo /debug /INCREMENTAL /subsystem:console pthread.lib kernel32.lib user32.lib gdi32.lib winspool.lib shell32.lib ole32.lib oleaut32.lib uuid.lib comdlg32.lib advapi32.lib /MANIFEST /MANIFESTFILE:CMakeFiles\\cmTC_59deb.dir/intermediate.manifest CMakeFiles\\cmTC_59deb.dir/manifest.res" failed (exit code 1104) with the following output:
        LINK : fatal error LNK1104: не удается открыть файл "pthread.lib"\x0d
        ninja: build stopped: subcommand failed.
        
      exitCode: 1
...
